<?xml version="1.0" encoding="UTF-8"?>
<!-- Generated by org.testng.reporters.JUnitXMLReporter -->
<testsuite hostname="Computer-PC" name="Test login AbbyCard in firefox" tests="6" failures="0" timestamp="29 Aug 2016 15:58:24 GMT" time="76.138" errors="0">
  <testcase name="Email_and_pass_null" time="17.18" classname="test.Login_test"/>
  <testcase name="Email_invalid" time="3.801" classname="test.Login_test"/>
  <testcase name="Pass_too_short" time="2.772" classname="test.Login_test"/>
  <testcase name="Pass_always_right" time="2.377" classname="test.Login_test"/>
  <testcase name="Account_unauthenticated" time="2.834" classname="test.Login_test"/>
  <testcase name="Login_successful" time="9.026" classname="test.Login_test"/>
</testsuite> <!-- Test login AbbyCard in firefox -->
