<?xml version="1.0" encoding="UTF-8"?>
<!-- Generated by org.testng.reporters.JUnitXMLReporter -->
<testsuite hostname="Computer-PC" name="Test login AbbyCard in firefox" tests="6" failures="0" timestamp="29 Aug 2016 10:39:11 GMT" time="36.459" errors="0">
  <testcase name="Email_and_pass_null" time="4.061" classname="test.Login_test"/>
  <testcase name="Email_invalid" time="3.081" classname="test.Login_test"/>
  <testcase name="Pass_too_short" time="2.7" classname="test.Login_test"/>
  <testcase name="Pass_always_right" time="2.207" classname="test.Login_test"/>
  <testcase name="Account_unauthenticated" time="2.094" classname="test.Login_test"/>
  <testcase name="Login_successful" time="6.706" classname="test.Login_test"/>
</testsuite> <!-- Test login AbbyCard in firefox -->
