<?xml version="1.0" encoding="UTF-8"?>
<testng-results skipped="0" failed="0" total="1" passed="1">
  <reporter-output>
  </reporter-output>
  <suite name="CrossBrowser/MultiBrowser" duration-ms="34995" started-at="2016-08-29T16:05:30Z" finished-at="2016-08-29T16:06:05Z">
    <groups>
    </groups>
    <test name="Test AbbyCard in chrome" duration-ms="34995" started-at="2016-08-29T16:05:30Z" finished-at="2016-08-29T16:06:05Z">
      <class name="test.Register_test_POI">
        <test-method status="PASS" signature="setUp(java.lang.String)[pri:0, instance:test.Register_test_POI@1774679]" name="setUp" is-config="true" duration-ms="8010" started-at="2016-08-29T23:05:30Z" finished-at="2016-08-29T23:05:38Z">
          <params>
            <param index="0">
              <value>
                <![CDATA[chrome]]>
              </value>
            </param>
          </params>
          <reporter-output>
          </reporter-output>
        </test-method> <!-- setUp -->
        <test-method status="PASS" signature="Register_POI()[pri:0, instance:test.Register_test_POI@1774679]" name="Register_POI" duration-ms="24834" started-at="2016-08-29T23:05:38Z" finished-at="2016-08-29T23:06:03Z">
          <reporter-output>
          </reporter-output>
        </test-method> <!-- Register_POI -->
        <test-method status="PASS" signature="tearDown()[pri:0, instance:test.Register_test_POI@1774679]" name="tearDown" is-config="true" duration-ms="2108" started-at="2016-08-29T23:06:03Z" finished-at="2016-08-29T23:06:05Z">
          <reporter-output>
          </reporter-output>
        </test-method> <!-- tearDown -->
      </class> <!-- test.Register_test_POI -->
    </test> <!-- Test AbbyCard in chrome -->
  </suite> <!-- CrossBrowser/MultiBrowser -->
</testng-results>
